<?xml version="1.0" encoding="UTF-8"?>
<!-- Generated by org.testng.reporters.JUnitXMLReporter -->
<testsuite ignored="4" hostname="MohamedJamal" failures="0" tests="1" name="Default test" time="19.261" errors="0" timestamp="2025-01-25T20:51:55 EET">
  <testcase classname="TestAdmin.TestJobTitle" name="testJobDeletion" time="5.573"/>
  <testcase classname="TestAdmin.TestJobTitle" name="testJobTitleCreationPositive" time="0.0">
    <ignored/>
  </testcase> <!-- testJobTitleCreationPositive -->
  <testcase classname="TestAdmin.TestJobTitle" name="testUploadFileExceedSize" time="0.0">
    <ignored/>
  </testcase> <!-- testUploadFileExceedSize -->
  <testcase classname="TestAdmin.TestJobTitle" name="testJobExistance" time="0.0">
    <ignored/>
  </testcase> <!-- testJobExistance -->
  <testcase classname="TestAdmin.TestJobTitle" name="testJobTitleCreationNegative" time="0.0">
    <ignored/>
  </testcase> <!-- testJobTitleCreationNegative -->
</testsuite> <!-- Default test -->
