<?xml version="1.0" encoding="UTF-8"?>
<!-- Generated by org.testng.reporters.JUnitXMLReporter -->
<testsuite ignored="3" hostname="MohamedJamal" failures="0" tests="1" name="Default test" time="21.24" errors="0" timestamp="2025-01-18T22:37:05 EET">
  <testcase classname="TestFeatures.TestAddSystemUsers" name="testAddUsersNegativeScenario" time="9.144"/>
  <testcase classname="TestFeatures.TestAddSystemUsers" name="testAddUsersPositiveScenario" time="0.0">
    <ignored/>
  </testcase> <!-- testAddUsersPositiveScenario -->
  <testcase classname="TestFeatures.TestAddSystemUsers" name="verifyAddSystemsUsersPositiveScenario" time="0.0">
    <ignored/>
  </testcase> <!-- verifyAddSystemsUsersPositiveScenario -->
  <testcase classname="TestFeatures.TestAddSystemUsers" name="verifyAddSystemsUsersNegativeScenario" time="0.0">
    <ignored/>
  </testcase> <!-- verifyAddSystemsUsersNegativeScenario -->
</testsuite> <!-- Default test -->
