<?xml version="1.0" encoding="UTF-8"?>
<!-- Generated by org.testng.reporters.JUnitXMLReporter -->
<testsuite ignored="0" hostname="MohamedJamal" failures="0" tests="2" name="Error Validations Test" time="12.987" errors="0" timestamp="2024-12-17T15:53:00 EET">
  <testcase classname="org.groupID.testArtifactID.TestLandingPage" name="checkNegativeLogin" time="0.01"/>
  <testcase classname="org.groupID.testArtifactID.TestLandingPage" name="testM" time="0.009"/>
</testsuite> <!-- Error Validations Test -->
