<?xml version="1.0" encoding="UTF-8"?>
<testng-results ignored="0" total="1" passed="1" failed="0" skipped="0">
  <reporter-output>
  </reporter-output>
  <suite started-at="2025-01-27T22:06:55 EET" name="Default suite" finished-at="2025-01-27T22:07:10 EET" duration-ms="14345">
    <groups>
    </groups>
    <test started-at="2025-01-27T22:06:55 EET" name="Default test" finished-at="2025-01-27T22:07:10 EET" duration-ms="14345">
      <class name="TestAdmin.TestOrganization">
        <test-method is-config="true" signature="lanuchApplication()[pri:0, instance:TestAdmin.TestOrganization@795509d9]" started-at="2025-01-27T22:06:55 EET" name="lanuchApplication" finished-at="2025-01-27T22:07:02 EET" duration-ms="6306" status="PASS">
          <reporter-output>
          </reporter-output>
        </test-method> <!-- lanuchApplication -->
        <test-method signature="testOrgPositive()[pri:0, instance:TestAdmin.TestOrganization@795509d9]" started-at="2025-01-27T22:07:02 EET" name="testOrgPositive" finished-at="2025-01-27T22:07:10 EET" duration-ms="7991" status="PASS">
          <reporter-output>
          </reporter-output>
        </test-method> <!-- testOrgPositive -->
        <test-method is-config="true" signature="tearDown()[pri:0, instance:TestAdmin.TestOrganization@795509d9]" started-at="2025-01-27T22:07:10 EET" name="tearDown" finished-at="2025-01-27T22:07:10 EET" duration-ms="1" status="PASS">
          <reporter-output>
          </reporter-output>
        </test-method> <!-- tearDown -->
      </class> <!-- TestAdmin.TestOrganization -->
    </test> <!-- Default test -->
  </suite> <!-- Default suite -->
</testng-results>
