<?xml version="1.0" encoding="UTF-8"?>
<!-- Generated by org.testng.reporters.JUnitReportReporter -->
<testsuite hostname="MohamedJamal" failures="0" tests="1" name="stepDefinitions.TestNGTestRunner" time="0.074" errors="1" timestamp="2024-11-01T14:31:15 EET" skipped="0">
  <testcase classname="stepDefinitions.TestNGTestRunner" name="runScenario" time="0.074">
    <error message="Cannot invoke &quot;rahulShettyAcademy.pageObjects.LandingPage.login(String, String)&quot; because &quot;this.cucumberlandingPageObject&quot; is null" type="java.lang.NullPointerException">
      <![CDATA[java.lang.NullPointerException: Cannot invoke "rahulShettyAcademy.pageObjects.LandingPage.login(String, String)" because "this.cucumberlandingPageObject" is null
at stepDefinitions.StepDefinitionImp.user_is_logged_in_with_username_and_password(StepDefinitionImp.java:33)
at ✽.user is logged in with username againemail@teml.net and password Password1234(file:///D:/sdd%20hard%20drive/SeleniumTrainingCourse/AutomationFrameWorkRahulShetty/src/test/java/cucumber/SubmitOrder.feature:7)
]]>
    </error>
  </testcase> <!-- runScenario -->
</testsuite> <!-- stepDefinitions.TestNGTestRunner -->
